
[verilator] Generating C++ files...
Tue, 05 Oct 2021 08:40:47 +0800
0.36user 0.13system 0:00.70elapsed 72%CPU (0avgtext+0avgdata 76712maxresident)k
28096inputs+3920outputs (164major+19546minor)pagefaults 0swaps

[g++] Compiling C++ files...
Tue, 05 Oct 2021 08:40:48 +0800
8.36user 1.21system 0:11.15elapsed 85%CPU (0avgtext+0avgdata 140804maxresident)k
188304inputs+45544outputs (924major+212339minor)pagefaults 0swaps

[verilator] Generating C++ files...
Tue, 05 Oct 2021 08:41:44 +0800
0.31user 0.05system 0:00.44elapsed 83%CPU (0avgtext+0avgdata 74616maxresident)k
0inputs+3928outputs (0major+19096minor)pagefaults 0swaps

[g++] Compiling C++ files...
Tue, 05 Oct 2021 08:41:45 +0800
0.79user 0.16system 0:01.14elapsed 83%CPU (0avgtext+0avgdata 106700maxresident)k
8inputs+9160outputs (0major+32993minor)pagefaults 0swaps

[verilator] Generating C++ files...
Tue, 05 Oct 2021 08:42:39 +0800
0.27user 0.14system 0:00.46elapsed 89%CPU (0avgtext+0avgdata 74736maxresident)k
0inputs+3928outputs (0major+19102minor)pagefaults 0swaps

[g++] Compiling C++ files...
Tue, 05 Oct 2021 08:42:40 +0800
0.82user 0.15system 0:01.08elapsed 90%CPU (0avgtext+0avgdata 106620maxresident)k
0inputs+9160outputs (0major+33045minor)pagefaults 0swaps

[verilator] Generating C++ files...
Tue, 05 Oct 2021 08:53:05 +0800
0.29user 0.05system 0:00.38elapsed 91%CPU (0avgtext+0avgdata 74700maxresident)k
0inputs+3920outputs (0major+19109minor)pagefaults 0swaps

[g++] Compiling C++ files...
Tue, 05 Oct 2021 08:53:06 +0800
8.24user 0.97system 0:09.96elapsed 92%CPU (0avgtext+0avgdata 140824maxresident)k
888inputs+44352outputs (0major+206770minor)pagefaults 0swaps

[verilator] Generating C++ files...
Tue, 05 Oct 2021 10:26:39 +0800
0.30user 0.12system 0:00.53elapsed 80%CPU (0avgtext+0avgdata 74688maxresident)k
28120inputs+3920outputs (165major+19033minor)pagefaults 0swaps

[g++] Compiling C++ files...
Tue, 05 Oct 2021 10:26:40 +0800
8.26user 1.38system 0:10.50elapsed 91%CPU (0avgtext+0avgdata 140800maxresident)k
184768inputs+44352outputs (1021major+206188minor)pagefaults 0swaps

[verilator] Generating C++ files...
Tue, 05 Oct 2021 16:49:46 +0800
0.27user 0.08system 0:00.41elapsed 86%CPU (0avgtext+0avgdata 74736maxresident)k
472inputs+3920outputs (0major+19102minor)pagefaults 0swaps

[g++] Compiling C++ files...
Tue, 05 Oct 2021 16:49:47 +0800
7.97user 1.10system 0:09.72elapsed 93%CPU (0avgtext+0avgdata 140280maxresident)k
161744inputs+44352outputs (877major+206577minor)pagefaults 0swaps

[verilator] Generating C++ files...
Tue, 05 Oct 2021 16:55:50 +0800
0.21user 0.07system 0:00.32elapsed 88%CPU (0avgtext+0avgdata 53440maxresident)k
0inputs+2288outputs (0major+13787minor)pagefaults 0swaps

[g++] Compiling C++ files...
Tue, 05 Oct 2021 16:55:50 +0800
5.20user 0.61system 0:06.15elapsed 94%CPU (0avgtext+0avgdata 116432maxresident)k
1192inputs+33224outputs (0major+156958minor)pagefaults 0swaps

[verilator] Generating C++ files...
Tue, 05 Oct 2021 16:58:40 +0800
0.29user 0.06system 0:00.41elapsed 87%CPU (0avgtext+0avgdata 74856maxresident)k
0inputs+3920outputs (0major+19108minor)pagefaults 0swaps

[g++] Compiling C++ files...
Tue, 05 Oct 2021 16:58:40 +0800
0.74user 0.18system 0:01.09elapsed 85%CPU (0avgtext+0avgdata 106948maxresident)k
0inputs+9160outputs (0major+33029minor)pagefaults 0swaps

[verilator] Generating C++ files...
Tue, 05 Oct 2021 22:29:52 +0800
0.33user 0.09system 0:00.59elapsed 71%CPU (0avgtext+0avgdata 75960maxresident)k
24080inputs+3920outputs (153major+19376minor)pagefaults 0swaps

[g++] Compiling C++ files...
Tue, 05 Oct 2021 22:29:53 +0800
8.35user 1.06system 0:10.25elapsed 91%CPU (0avgtext+0avgdata 140252maxresident)k
163152inputs+44352outputs (904major+206379minor)pagefaults 0swaps

[verilator] Generating C++ files...
Tue, 05 Oct 2021 22:31:00 +0800
0.27user 0.10system 0:00.43elapsed 87%CPU (0avgtext+0avgdata 76032maxresident)k
0inputs+3920outputs (0major+19437minor)pagefaults 0swaps

[g++] Compiling C++ files...
Tue, 05 Oct 2021 22:31:00 +0800
0.79user 0.18system 0:01.19elapsed 81%CPU (0avgtext+0avgdata 105852maxresident)k
8inputs+9160outputs (0major+33019minor)pagefaults 0swaps

[verilator] Generating C++ files...
Tue, 05 Oct 2021 22:31:09 +0800
0.30user 0.06system 0:00.44elapsed 84%CPU (0avgtext+0avgdata 75984maxresident)k
0inputs+3920outputs (0major+19433minor)pagefaults 0swaps

[g++] Compiling C++ files...
Tue, 05 Oct 2021 22:31:10 +0800
0.74user 0.19system 0:01.07elapsed 87%CPU (0avgtext+0avgdata 106616maxresident)k
0inputs+9160outputs (0major+33014minor)pagefaults 0swaps

[verilator] Generating C++ files...
Tue, 05 Oct 2021 22:38:33 +0800
0.29user 0.08system 0:00.42elapsed 88%CPU (0avgtext+0avgdata 75896maxresident)k
0inputs+3920outputs (0major+19420minor)pagefaults 0swaps

[g++] Compiling C++ files...
Tue, 05 Oct 2021 22:38:34 +0800
5.66user 0.53system 0:06.44elapsed 96%CPU (0avgtext+0avgdata 140180maxresident)k
64inputs+27288outputs (0major+124441minor)pagefaults 0swaps

[verilator] Generating C++ files...
Tue, 05 Oct 2021 22:42:09 +0800
0.24user 0.11system 0:00.47elapsed 76%CPU (0avgtext+0avgdata 54100maxresident)k
25912inputs+2288outputs (159major+13915minor)pagefaults 0swaps

[g++] Compiling C++ files...
Tue, 05 Oct 2021 22:42:10 +0800
5.09user 0.98system 0:06.63elapsed 91%CPU (0avgtext+0avgdata 116900maxresident)k
40200inputs+33240outputs (222major+156766minor)pagefaults 0swaps

[verilator] Generating C++ files...
Tue, 05 Oct 2021 22:44:37 +0800
0.27user 0.11system 0:00.44elapsed 88%CPU (0avgtext+0avgdata 75920maxresident)k
0inputs+3920outputs (1major+19433minor)pagefaults 0swaps

[g++] Compiling C++ files...
Tue, 05 Oct 2021 22:44:38 +0800
0.76user 0.19system 0:01.17elapsed 82%CPU (0avgtext+0avgdata 106348maxresident)k
2584inputs+9160outputs (0major+33034minor)pagefaults 0swaps

[verilator] Generating C++ files...
Wed, 06 Oct 2021 08:17:49 +0800
0.34user 0.15system 0:00.68elapsed 73%CPU (0avgtext+0avgdata 75672maxresident)k
27352inputs+3920outputs (162major+19329minor)pagefaults 0swaps

[g++] Compiling C++ files...
Wed, 06 Oct 2021 08:17:49 +0800
5.36user 0.86system 0:07.10elapsed 87%CPU (0avgtext+0avgdata 140772maxresident)k
184776inputs+22736outputs (1023major+104163minor)pagefaults 0swaps

[verilator] Generating C++ files...
Wed, 06 Oct 2021 08:18:14 +0800
0.29user 0.07system 0:00.42elapsed 88%CPU (0avgtext+0avgdata 75900maxresident)k
0inputs+3920outputs (0major+19430minor)pagefaults 0swaps

[g++] Compiling C++ files...
Wed, 06 Oct 2021 08:18:14 +0800
0.76user 0.23system 0:01.19elapsed 83%CPU (0avgtext+0avgdata 105796maxresident)k
1520inputs+9160outputs (0major+32995minor)pagefaults 0swaps

[verilator] Generating C++ files...
Wed, 06 Oct 2021 08:19:09 +0800
0.31user 0.08system 0:00.47elapsed 84%CPU (0avgtext+0avgdata 75876maxresident)k
0inputs+3920outputs (0major+19433minor)pagefaults 0swaps

[g++] Compiling C++ files...
Wed, 06 Oct 2021 08:19:10 +0800
0.75user 0.22system 0:01.16elapsed 84%CPU (0avgtext+0avgdata 106888maxresident)k
24inputs+9160outputs (0major+33096minor)pagefaults 0swaps

[verilator] Generating C++ files...
Wed, 06 Oct 2021 08:24:47 +0800
0.22user 0.08system 0:00.37elapsed 84%CPU (0avgtext+0avgdata 54080maxresident)k
0inputs+2288outputs (0major+13996minor)pagefaults 0swaps

[g++] Compiling C++ files...
Wed, 06 Oct 2021 08:24:48 +0800
0.81user 0.17system 0:01.20elapsed 82%CPU (0avgtext+0avgdata 106092maxresident)k
1752inputs+7400outputs (0major+31838minor)pagefaults 0swaps

[verilator] Generating C++ files...
Wed, 06 Oct 2021 08:29:42 +0800
0.30user 0.10system 0:00.46elapsed 87%CPU (0avgtext+0avgdata 69652maxresident)k
0inputs+3872outputs (0major+17900minor)pagefaults 0swaps

[g++] Compiling C++ files...
Wed, 06 Oct 2021 08:29:43 +0800
8.63user 0.84system 0:10.46elapsed 90%CPU (0avgtext+0avgdata 140968maxresident)k
1504inputs+44280outputs (3major+206728minor)pagefaults 0swaps

[verilator] Generating C++ files...
Wed, 06 Oct 2021 08:30:26 +0800
0.22user 0.04system 0:00.29elapsed 89%CPU (0avgtext+0avgdata 50284maxresident)k
0inputs+2288outputs (0major+13032minor)pagefaults 0swaps

[g++] Compiling C++ files...
Wed, 06 Oct 2021 08:30:26 +0800
5.18user 0.76system 0:06.44elapsed 92%CPU (0avgtext+0avgdata 115960maxresident)k
56inputs+33248outputs (0major+156804minor)pagefaults 0swaps

[verilator] Generating C++ files...
Wed, 06 Oct 2021 09:30:08 +0800
0.40user 0.12system 0:00.66elapsed 78%CPU (0avgtext+0avgdata 67808maxresident)k
27984inputs+3888outputs (164major+17357minor)pagefaults 0swaps

[g++] Compiling C++ files...
Wed, 06 Oct 2021 09:30:09 +0800
8.10user 1.13system 0:10.18elapsed 90%CPU (0avgtext+0avgdata 140096maxresident)k
186416inputs+44320outputs (1031major+206248minor)pagefaults 0swaps

[verilator] Generating C++ files...
Wed, 06 Oct 2021 09:34:29 +0800
0.21user 0.04system 0:00.27elapsed 92%CPU (0avgtext+0avgdata 50332maxresident)k
0inputs+2288outputs (0major+13039minor)pagefaults 0swaps

[g++] Compiling C++ files...
Wed, 06 Oct 2021 09:34:30 +0800
5.08user 0.70system 0:06.22elapsed 92%CPU (0avgtext+0avgdata 116848maxresident)k
1816inputs+33248outputs (0major+156946minor)pagefaults 0swaps

[verilator] Generating C++ files...
Wed, 06 Oct 2021 09:36:52 +0800
0.26user 0.06system 0:00.34elapsed 95%CPU (0avgtext+0avgdata 67768maxresident)k
0inputs+3888outputs (0major+17403minor)pagefaults 0swaps

[g++] Compiling C++ files...
Wed, 06 Oct 2021 09:36:52 +0800
0.75user 0.19system 0:01.14elapsed 82%CPU (0avgtext+0avgdata 106100maxresident)k
8inputs+9152outputs (0major+32992minor)pagefaults 0swaps

[verilator] Generating C++ files...
Wed, 06 Oct 2021 10:10:41 +0800
0.29user 0.08system 0:00.53elapsed 71%CPU (0avgtext+0avgdata 50116maxresident)k
28344inputs+2296outputs (166major+12961minor)pagefaults 0swaps

[g++] Compiling C++ files...
Wed, 06 Oct 2021 10:10:42 +0800
2.77user 0.62system 0:04.08elapsed 83%CPU (0avgtext+0avgdata 116388maxresident)k
187072inputs+16216outputs (1029major+74354minor)pagefaults 0swaps

[verilator] Generating C++ files...
Wed, 06 Oct 2021 10:12:45 +0800
0.27user 0.06system 0:00.36elapsed 95%CPU (0avgtext+0avgdata 67688maxresident)k
0inputs+3896outputs (1major+17397minor)pagefaults 0swaps

[g++] Compiling C++ files...
Wed, 06 Oct 2021 10:12:46 +0800
2.77user 0.41system 0:03.71elapsed 85%CPU (0avgtext+0avgdata 116636maxresident)k
2496inputs+18024outputs (0major+74672minor)pagefaults 0swaps

[verilator] Generating C++ files...
Wed, 06 Oct 2021 10:17:24 +0800
0.23user 0.04system 0:00.29elapsed 92%CPU (0avgtext+0avgdata 50252maxresident)k
0inputs+2304outputs (0major+13031minor)pagefaults 0swaps

[g++] Compiling C++ files...
Wed, 06 Oct 2021 10:17:24 +0800
2.75user 0.26system 0:03.31elapsed 91%CPU (0avgtext+0avgdata 116008maxresident)k
304inputs+16216outputs (0major+74865minor)pagefaults 0swaps

[verilator] Generating C++ files...
Wed, 06 Oct 2021 10:19:19 +0800
0.27user 0.08system 0:00.43elapsed 84%CPU (0avgtext+0avgdata 67692maxresident)k
0inputs+3904outputs (0major+17413minor)pagefaults 0swaps

[g++] Compiling C++ files...
Wed, 06 Oct 2021 10:19:20 +0800
2.79user 0.40system 0:03.47elapsed 92%CPU (0avgtext+0avgdata 116196maxresident)k
32inputs+18032outputs (0major+76133minor)pagefaults 0swaps

[verilator] Generating C++ files...
Wed, 06 Oct 2021 10:22:54 +0800
0.31user 0.06system 0:00.45elapsed 82%CPU (0avgtext+0avgdata 67716maxresident)k
0inputs+3904outputs (0major+17409minor)pagefaults 0swaps

[g++] Compiling C++ files...
Wed, 06 Oct 2021 10:22:54 +0800
2.19user 0.27system 0:02.76elapsed 89%CPU (0avgtext+0avgdata 116852maxresident)k
40inputs+13472outputs (0major+56205minor)pagefaults 0swaps

[verilator] Generating C++ files...
Wed, 06 Oct 2021 10:29:20 +0800
0.28user 0.06system 0:00.39elapsed 90%CPU (0avgtext+0avgdata 67724maxresident)k
2584inputs+3904outputs (17major+17403minor)pagefaults 0swaps

[g++] Compiling C++ files...
Wed, 06 Oct 2021 10:29:21 +0800
5.65user 0.71system 0:06.85elapsed 93%CPU (0avgtext+0avgdata 140228maxresident)k
14992inputs+27272outputs (65major+124475minor)pagefaults 0swaps

[verilator] Generating C++ files...
Wed, 06 Oct 2021 10:35:22 +0800
0.20user 0.08system 0:00.32elapsed 87%CPU (0avgtext+0avgdata 50268maxresident)k
0inputs+2312outputs (0major+13054minor)pagefaults 0swaps

[g++] Compiling C++ files...
Wed, 06 Oct 2021 10:35:22 +0800
5.18user 0.76system 0:06.44elapsed 92%CPU (0avgtext+0avgdata 116556maxresident)k
1288inputs+33288outputs (2major+156837minor)pagefaults 0swaps

[verilator] Generating C++ files...
Wed, 06 Oct 2021 10:37:08 +0800
0.28user 0.09system 0:00.43elapsed 88%CPU (0avgtext+0avgdata 67812maxresident)k
0inputs+3912outputs (0major+17425minor)pagefaults 0swaps

[g++] Compiling C++ files...
Wed, 06 Oct 2021 10:37:09 +0800
8.29user 0.94system 0:09.86elapsed 93%CPU (0avgtext+0avgdata 141232maxresident)k
576inputs+44360outputs (1major+207198minor)pagefaults 0swaps

[verilator] Generating C++ files...
Wed, 06 Oct 2021 10:41:48 +0800
0.21user 0.06system 0:00.31elapsed 89%CPU (0avgtext+0avgdata 50408maxresident)k
0inputs+2328outputs (0major+13092minor)pagefaults 0swaps

[g++] Compiling C++ files...
Wed, 06 Oct 2021 10:41:48 +0800
5.09user 0.63system 0:06.15elapsed 93%CPU (0avgtext+0avgdata 116856maxresident)k
312inputs+33352outputs (0major+156902minor)pagefaults 0swaps
