
[verilator] Generating C++ files...
Sat, 14 Aug 2021 15:17:19 +0800
0.09user 0.04system 0:00.18elapsed 73%CPU (0avgtext+0avgdata 21864maxresident)k
24656inputs+928outputs (148major+5850minor)pagefaults 0swaps

[g++] Compiling C++ files...
Sat, 14 Aug 2021 15:17:20 +0800
Command exited with non-zero status 2
11.56user 2.01system 0:14.10elapsed 96%CPU (0avgtext+0avgdata 131260maxresident)k
61496inputs+84736outputs (325major+532169minor)pagefaults 0swaps

[verilator] Generating C++ files...
Sat, 14 Aug 2021 15:20:00 +0800
0.09user 0.02system 0:00.13elapsed 88%CPU (0avgtext+0avgdata 22068maxresident)k
0inputs+936outputs (0major+5914minor)pagefaults 0swaps

[g++] Compiling C++ files...
Sat, 14 Aug 2021 15:20:00 +0800
Command exited with non-zero status 2
0.64user 0.11system 0:00.83elapsed 90%CPU (0avgtext+0avgdata 102220maxresident)k
0inputs+4720outputs (0major+29324minor)pagefaults 0swaps

[verilator] Generating C++ files...
Sat, 14 Aug 2021 15:25:19 +0800
0.10user 0.02system 0:00.14elapsed 89%CPU (0avgtext+0avgdata 21984maxresident)k
0inputs+936outputs (0major+5913minor)pagefaults 0swaps

[g++] Compiling C++ files...
Sat, 14 Aug 2021 15:25:19 +0800
Command exited with non-zero status 2
1.44user 0.35system 0:01.88elapsed 95%CPU (0avgtext+0avgdata 101664maxresident)k
16inputs+15832outputs (0major+65804minor)pagefaults 0swaps

[verilator] Generating C++ files...
Sat, 14 Aug 2021 15:29:05 +0800
0.09user 0.02system 0:00.12elapsed 89%CPU (0avgtext+0avgdata 21984maxresident)k
0inputs+936outputs (0major+5907minor)pagefaults 0swaps

[g++] Compiling C++ files...
Sat, 14 Aug 2021 15:29:05 +0800
Command exited with non-zero status 2
0.64user 0.11system 0:00.81elapsed 93%CPU (0avgtext+0avgdata 101824maxresident)k
0inputs+4720outputs (0major+29290minor)pagefaults 0swaps

[verilator] Generating C++ files...
Sat, 14 Aug 2021 17:08:04 +0800
0.12user 0.04system 0:00.19elapsed 91%CPU (0avgtext+0avgdata 22048maxresident)k
0inputs+936outputs (0major+5909minor)pagefaults 0swaps

[g++] Compiling C++ files...
Sat, 14 Aug 2021 17:08:05 +0800
Command exited with non-zero status 2
0.85user 0.31system 0:01.28elapsed 91%CPU (0avgtext+0avgdata 101960maxresident)k
0inputs+5192outputs (0major+34007minor)pagefaults 0swaps

[verilator] Generating C++ files...
Sat, 14 Aug 2021 18:05:47 +0800
0.11user 0.02system 0:00.15elapsed 92%CPU (0avgtext+0avgdata 21920maxresident)k
352inputs+936outputs (0major+5918minor)pagefaults 0swaps

[g++] Compiling C++ files...
Sat, 14 Aug 2021 18:05:47 +0800
0.85user 0.22system 0:01.17elapsed 92%CPU (0avgtext+0avgdata 101900maxresident)k
3792inputs+6232outputs (0major+40342minor)pagefaults 0swaps

[verilator] Generating C++ files...
Sat, 14 Aug 2021 18:07:55 +0800
0.15user 0.03system 0:00.19elapsed 95%CPU (0avgtext+0avgdata 21980maxresident)k
0inputs+936outputs (0major+5910minor)pagefaults 0swaps

[g++] Compiling C++ files...
Sat, 14 Aug 2021 18:07:55 +0800
0.90user 0.22system 0:01.17elapsed 95%CPU (0avgtext+0avgdata 101964maxresident)k
0inputs+6232outputs (0major+40347minor)pagefaults 0swaps

[verilator] Generating C++ files...
Sat, 14 Aug 2021 18:11:39 +0800
0.07user 0.03system 0:00.11elapsed 98%CPU (0avgtext+0avgdata 21884maxresident)k
0inputs+936outputs (0major+5892minor)pagefaults 0swaps

[g++] Compiling C++ files...
Sat, 14 Aug 2021 18:11:39 +0800
0.72user 0.16system 0:00.91elapsed 96%CPU (0avgtext+0avgdata 102032maxresident)k
0inputs+6232outputs (0major+40360minor)pagefaults 0swaps

[verilator] Generating C++ files...
Sun, 15 Aug 2021 09:18:11 +0800
0.10user 0.01system 0:00.16elapsed 77%CPU (0avgtext+0avgdata 22028maxresident)k
24232inputs+936outputs (151major+5837minor)pagefaults 0swaps

[g++] Compiling C++ files...
Sun, 15 Aug 2021 09:18:12 +0800
0.78user 0.21system 0:01.07elapsed 93%CPU (0avgtext+0avgdata 101972maxresident)k
4544inputs+6728outputs (1major+45164minor)pagefaults 0swaps

[verilator] Generating C++ files...
Sun, 15 Aug 2021 09:42:15 +0800
0.09user 0.01system 0:00.13elapsed 83%CPU (0avgtext+0avgdata 22024maxresident)k
96inputs+936outputs (2major+5919minor)pagefaults 0swaps

[g++] Compiling C++ files...
Sun, 15 Aug 2021 09:42:15 +0800
0.77user 0.20system 0:01.23elapsed 79%CPU (0avgtext+0avgdata 101912maxresident)k
64128inputs+6232outputs (312major+40189minor)pagefaults 0swaps

[verilator] Generating C++ files...
Wed, 25 Aug 2021 14:38:14 +0800
0.07user 0.03system 0:00.12elapsed 85%CPU (0avgtext+0avgdata 22056maxresident)k
144inputs+952outputs (0major+5932minor)pagefaults 0swaps

[g++] Compiling C++ files...
Wed, 25 Aug 2021 14:38:15 +0800
7.99user 1.30system 0:10.17elapsed 91%CPU (0avgtext+0avgdata 115156maxresident)k
25056inputs+47360outputs (81major+340034minor)pagefaults 0swaps

[verilator] Generating C++ files...
Thu, 26 Aug 2021 13:38:04 +0800
0.10user 0.04system 0:00.28elapsed 50%CPU (0avgtext+0avgdata 21860maxresident)k
25568inputs+928outputs (157major+5837minor)pagefaults 0swaps

[g++] Compiling C++ files...
Thu, 26 Aug 2021 13:38:05 +0800
6.52user 1.05system 0:08.51elapsed 88%CPU (0avgtext+0avgdata 114832maxresident)k
81856inputs+45176outputs (410major+272888minor)pagefaults 0swaps

[verilator] Generating C++ files...
Sun, 05 Sep 2021 10:04:32 +0800
0.10user 0.02system 0:00.14elapsed 87%CPU (0avgtext+0avgdata 22084maxresident)k
112inputs+928outputs (0major+5916minor)pagefaults 0swaps

[g++] Compiling C++ files...
Sun, 05 Sep 2021 10:04:33 +0800
6.47user 1.00system 0:07.76elapsed 96%CPU (0avgtext+0avgdata 114880maxresident)k
3704inputs+37968outputs (1major+266984minor)pagefaults 0swaps
